<?xml version="1.0" encoding="UTF-8"?>
<!-- Generated by org.testng.reporters.JUnitReportReporter -->
<testsuite skipped="0" hostname="LTIN252923" name="tst.Runner" tests="7" failures="0" timestamp="24 Oct 2021 07:37:54 GMT" time="19.786" errors="0">
  <testcase name="launchApplication" time="8.409" classname="tst.Runner"/>
  <testcase name="clickSearchButton" time="4.215" classname="tst.Runner"/>
  <testcase name="enterSourceLocation" time="3.861" classname="tst.Runner"/>
  <testcase name="enterDestLocation" time="1.716" classname="tst.Runner"/>
  <testcase name="displayTicketPrice" time="0.672" classname="tst.Runner"/>
  <testcase name="clickDate" time="0.570" classname="tst.Runner"/>
  <testcase name="bookTicket" time="0.343" classname="tst.Runner"/>
</testsuite> <!-- tst.Runner -->
