<?xml version="1.0" encoding="UTF-8"?>
<!-- Generated by org.testng.reporters.JUnitReportReporter -->
<testsuite hostname="MSI" failures="0" tests="7" name="tst.Runner" time="22.128" errors="0" timestamp="24 Oct 2021 13:52:40 GMT" skipped="0">
  <testcase classname="tst.Runner" name="bookTicket" time="0.344"/>
  <testcase classname="tst.Runner" name="clickSearchButton" time="6.115"/>
  <testcase classname="tst.Runner" name="enterDestLocation" time="1.733"/>
  <testcase classname="tst.Runner" name="launchApplication" time="10.828"/>
  <testcase classname="tst.Runner" name="enterSourceLocation" time="1.811"/>
  <testcase classname="tst.Runner" name="clickDate" time="0.599"/>
  <testcase classname="tst.Runner" name="displayTicketPrice" time="0.698"/>
</testsuite> <!-- tst.Runner -->
