<?xml version="1.0" encoding="UTF-8"?>
<!-- Generated by org.testng.reporters.JUnitReportReporter -->
<testsuite hostname="MSI" failures="0" tests="2" name="tst.RunClass" time="119.359" errors="0" timestamp="19 Jan 2022 11:18:22 GMT" skipped="0">
  <testcase classname="tst.RunClass" name="method1" time="37.660"/>
  <testcase classname="tst.RunClass" name="method2" time="81.699"/>
</testsuite> <!-- tst.RunClass -->
