<?xml version="1.0" encoding="UTF-8"?>
<!-- Generated by org.testng.reporters.JUnitReportReporter -->
<testsuite hostname="MSI" failures="0" tests="3" name="tst.Runner" time="48.036" errors="0" timestamp="22 Nov 2021 19:41:52 GMT" skipped="0">
  <testcase classname="tst.Runner" name="validateTicketPrice" time="11.981"/>
  <testcase classname="tst.Runner" name="validateTicketPrice" time="18.148"/>
  <testcase classname="tst.Runner" name="validateTicketPrice" time="17.907"/>
</testsuite> <!-- tst.Runner -->
