<?xml version="1.0" encoding="UTF-8"?>
<!-- Generated by org.testng.reporters.JUnitReportReporter -->
<testsuite skipped="0" hostname="LTIN252923" name="tst.Runner" tests="7" failures="0" timestamp="24 Oct 2021 09:44:40 GMT" time="17.888" errors="0">
  <testcase name="launchApplication" time="7.428" classname="tst.Runner"/>
  <testcase name="bookTicket" time="0.325" classname="tst.Runner"/>
  <testcase name="displayTicketPrice" time="0.405" classname="tst.Runner"/>
  <testcase name="clickSearchButton" time="5.792" classname="tst.Runner"/>
  <testcase name="enterSourceLocation" time="1.768" classname="tst.Runner"/>
  <testcase name="enterDestLocation" time="1.642" classname="tst.Runner"/>
  <testcase name="clickDate" time="0.528" classname="tst.Runner"/>
</testsuite> <!-- tst.Runner -->
