<?xml version="1.0" encoding="UTF-8"?>
<!-- Generated by org.testng.reporters.JUnitReportReporter -->
<testsuite hostname="DESKTOP-O3U77DS" failures="0" tests="1" name="tst.Runner2" time="4.338" errors="0" timestamp="15 Nov 2022 08:29:28 GMT" skipped="0">
  <testcase classname="tst.Runner2" name="test1" time="4.338"/>
</testsuite> <!-- tst.Runner2 -->
